[0.897s] DEBUG:colcon:Command line arguments: ['/usr/bin/colcon', 'build']
[0.898s] DEBUG:colcon:Parsed command line arguments: Namespace(log_base=None, log_level=None, verb_name='build', build_base='build', install_base='install', merge_install=False, symlink_install=False, test_result_base=None, continue_on_error=False, executor='parallel', parallel_workers=2, event_handlers=None, ignore_user_meta=False, metas=['./colcon.meta'], base_paths=['.'], packages_ignore=None, packages_ignore_regex=None, paths=None, packages_up_to=None, packages_up_to_regex=None, packages_above=None, packages_above_and_dependencies=None, packages_above_depth=None, packages_select_by_dep=None, packages_skip_by_dep=None, packages_skip_up_to=None, packages_select_build_failed=False, packages_skip_build_finished=False, packages_select_test_failures=False, packages_skip_test_passed=False, packages_select=None, packages_skip=None, packages_select_regex=None, packages_skip_regex=None, packages_start=None, packages_end=None, allow_overriding=[], cmake_args=None, cmake_target=None, cmake_target_skip_unavailable=False, cmake_clean_cache=False, cmake_clean_first=False, cmake_force_configure=False, ament_cmake_args=None, catkin_cmake_args=None, catkin_skip_building_tests=False, verb_parser=<colcon_defaults.argument_parser.defaults.DefaultArgumentsDecorator object at 0x7f0e9abebeb0>, verb_extension=<colcon_core.verb.build.BuildVerb object at 0x7f0e9aaf9840>, main=<bound method BuildVerb.main of <colcon_core.verb.build.BuildVerb object at 0x7f0e9aaf9840>>)
[0.988s] Level 1:colcon.colcon_core.package_discovery:discover_packages(colcon_meta) check parameters
[0.988s] Level 1:colcon.colcon_core.package_discovery:discover_packages(recursive) check parameters
[0.988s] Level 1:colcon.colcon_core.package_discovery:discover_packages(ignore) check parameters
[0.988s] Level 1:colcon.colcon_core.package_discovery:discover_packages(path) check parameters
[0.988s] Level 1:colcon.colcon_core.package_discovery:discover_packages(colcon_meta) discover
[0.988s] Level 1:colcon.colcon_core.package_discovery:discover_packages(recursive) discover
[0.988s] INFO:colcon.colcon_core.package_discovery:Crawling recursively for packages in '/home/robu/work/ws_mayfen_robu'
[0.988s] Level 1:colcon.colcon_core.package_identification:_identify(.) by extensions ['ignore', 'ignore_ament_install']
[0.988s] Level 1:colcon.colcon_core.package_identification:_identify(.) by extension 'ignore'
[0.988s] Level 1:colcon.colcon_core.package_identification:_identify(.) by extension 'ignore_ament_install'
[0.989s] Level 1:colcon.colcon_core.package_identification:_identify(.) by extensions ['colcon_pkg']
[0.989s] Level 1:colcon.colcon_core.package_identification:_identify(.) by extension 'colcon_pkg'
[0.989s] Level 1:colcon.colcon_core.package_identification:_identify(.) by extensions ['colcon_meta']
[0.989s] Level 1:colcon.colcon_core.package_identification:_identify(.) by extension 'colcon_meta'
[0.989s] Level 1:colcon.colcon_core.package_identification:_identify(.) by extensions ['ros']
[0.989s] Level 1:colcon.colcon_core.package_identification:_identify(.) by extension 'ros'
[1.012s] Level 1:colcon.colcon_core.package_identification:_identify(.) by extensions ['cmake', 'python']
[1.012s] Level 1:colcon.colcon_core.package_identification:_identify(.) by extension 'cmake'
[1.012s] Level 1:colcon.colcon_core.package_identification:_identify(.) by extension 'python'
[1.012s] Level 1:colcon.colcon_core.package_identification:_identify(.) by extensions ['python_setup_py']
[1.012s] Level 1:colcon.colcon_core.package_identification:_identify(.) by extension 'python_setup_py'
[1.013s] Level 1:colcon.colcon_core.package_identification:_identify(build) by extensions ['ignore', 'ignore_ament_install']
[1.013s] Level 1:colcon.colcon_core.package_identification:_identify(build) by extension 'ignore'
[1.013s] Level 1:colcon.colcon_core.package_identification:_identify(build) ignored
[1.013s] Level 1:colcon.colcon_core.package_identification:_identify(install) by extensions ['ignore', 'ignore_ament_install']
[1.014s] Level 1:colcon.colcon_core.package_identification:_identify(install) by extension 'ignore'
[1.014s] Level 1:colcon.colcon_core.package_identification:_identify(install) ignored
[1.014s] Level 1:colcon.colcon_core.package_identification:_identify(log) by extensions ['ignore', 'ignore_ament_install']
[1.014s] Level 1:colcon.colcon_core.package_identification:_identify(log) by extension 'ignore'
[1.015s] Level 1:colcon.colcon_core.package_identification:_identify(log) ignored
[1.015s] Level 1:colcon.colcon_core.package_identification:_identify(src) by extensions ['ignore', 'ignore_ament_install']
[1.015s] Level 1:colcon.colcon_core.package_identification:_identify(src) by extension 'ignore'
[1.015s] Level 1:colcon.colcon_core.package_identification:_identify(src) by extension 'ignore_ament_install'
[1.015s] Level 1:colcon.colcon_core.package_identification:_identify(src) by extensions ['colcon_pkg']
[1.015s] Level 1:colcon.colcon_core.package_identification:_identify(src) by extension 'colcon_pkg'
[1.016s] Level 1:colcon.colcon_core.package_identification:_identify(src) by extensions ['colcon_meta']
[1.016s] Level 1:colcon.colcon_core.package_identification:_identify(src) by extension 'colcon_meta'
[1.016s] Level 1:colcon.colcon_core.package_identification:_identify(src) by extensions ['ros']
[1.016s] Level 1:colcon.colcon_core.package_identification:_identify(src) by extension 'ros'
[1.016s] Level 1:colcon.colcon_core.package_identification:_identify(src) by extensions ['cmake', 'python']
[1.016s] Level 1:colcon.colcon_core.package_identification:_identify(src) by extension 'cmake'
[1.017s] Level 1:colcon.colcon_core.package_identification:_identify(src) by extension 'python'
[1.017s] Level 1:colcon.colcon_core.package_identification:_identify(src) by extensions ['python_setup_py']
[1.017s] Level 1:colcon.colcon_core.package_identification:_identify(src) by extension 'python_setup_py'
[1.017s] Level 1:colcon.colcon_core.package_identification:_identify(src/robu) by extensions ['ignore', 'ignore_ament_install']
[1.018s] Level 1:colcon.colcon_core.package_identification:_identify(src/robu) by extension 'ignore'
[1.018s] Level 1:colcon.colcon_core.package_identification:_identify(src/robu) by extension 'ignore_ament_install'
[1.018s] Level 1:colcon.colcon_core.package_identification:_identify(src/robu) by extensions ['colcon_pkg']
[1.018s] Level 1:colcon.colcon_core.package_identification:_identify(src/robu) by extension 'colcon_pkg'
[1.018s] Level 1:colcon.colcon_core.package_identification:_identify(src/robu) by extensions ['colcon_meta']
[1.018s] Level 1:colcon.colcon_core.package_identification:_identify(src/robu) by extension 'colcon_meta'
[1.018s] Level 1:colcon.colcon_core.package_identification:_identify(src/robu) by extensions ['ros']
[1.019s] Level 1:colcon.colcon_core.package_identification:_identify(src/robu) by extension 'ros'
[1.022s] DEBUG:colcon.colcon_core.package_identification:Found ROS schema reference in package manifest in 'src/robu'
[1.022s] WARNING:colcon.colcon_core.package_identification:Failed to parse ROS package manifest in 'src/robu': Error(s) in package 'src/robu/package.xml':
Error(s):
- The manifest of package "robu" (with format version 3) must not contain the following tags: excec_depend
[1.023s] Level 1:colcon.colcon_core.package_identification:_identify(src/robu) by extensions ['cmake', 'python']
[1.023s] Level 1:colcon.colcon_core.package_identification:_identify(src/robu) by extension 'cmake'
[1.023s] Level 1:colcon.colcon_core.package_identification:_identify(src/robu) by extension 'python'
[1.024s] DEBUG:colcon.colcon_core.package_identification:Python package in 'src/robu' passes arguments to the setup() function which requires a different identification extension than 'python'
[1.024s] Level 1:colcon.colcon_core.package_identification:_identify(src/robu) by extensions ['python_setup_py']
[1.024s] Level 1:colcon.colcon_core.package_identification:_identify(src/robu) by extension 'python_setup_py'
[1.390s] DEBUG:colcon.colcon_core.package_identification:Package 'src/robu' with type 'python' and name 'robu'
[1.390s] Level 1:colcon.colcon_core.package_discovery:discover_packages(recursive) using defaults
[1.390s] Level 1:colcon.colcon_core.package_discovery:discover_packages(ignore) discover
[1.391s] Level 1:colcon.colcon_core.package_discovery:discover_packages(ignore) using defaults
[1.391s] Level 1:colcon.colcon_core.package_discovery:discover_packages(path) discover
[1.391s] Level 1:colcon.colcon_core.package_discovery:discover_packages(path) using defaults
[1.444s] Level 1:colcon.colcon_core.package_discovery:discover_packages(prefix_path) check parameters
[1.445s] Level 1:colcon.colcon_core.package_discovery:discover_packages(prefix_path) discover
[1.468s] DEBUG:colcon.colcon_installed_package_information.package_discovery:Found 17 installed packages in /home/robu/work/turtlebot3_ws/install
[1.473s] DEBUG:colcon.colcon_installed_package_information.package_discovery:Found 358 installed packages in /opt/ros/humble
[1.483s] Level 1:colcon.colcon_core.package_discovery:discover_packages(prefix_path) using defaults
[1.663s] Level 5:colcon.colcon_core.verb:set package 'robu' build argument 'cmake_args' from command line to 'None'
[1.663s] Level 5:colcon.colcon_core.verb:set package 'robu' build argument 'cmake_target' from command line to 'None'
[1.663s] Level 5:colcon.colcon_core.verb:set package 'robu' build argument 'cmake_target_skip_unavailable' from command line to 'False'
[1.663s] Level 5:colcon.colcon_core.verb:set package 'robu' build argument 'cmake_clean_cache' from command line to 'False'
[1.663s] Level 5:colcon.colcon_core.verb:set package 'robu' build argument 'cmake_clean_first' from command line to 'False'
[1.663s] Level 5:colcon.colcon_core.verb:set package 'robu' build argument 'cmake_force_configure' from command line to 'False'
[1.663s] Level 5:colcon.colcon_core.verb:set package 'robu' build argument 'ament_cmake_args' from command line to 'None'
[1.663s] Level 5:colcon.colcon_core.verb:set package 'robu' build argument 'catkin_cmake_args' from command line to 'None'
[1.663s] Level 5:colcon.colcon_core.verb:set package 'robu' build argument 'catkin_skip_building_tests' from command line to 'False'
[1.663s] DEBUG:colcon.colcon_core.verb:Building package 'robu' with the following arguments: {'ament_cmake_args': None, 'build_base': '/home/robu/work/ws_mayfen_robu/build/robu', 'catkin_cmake_args': None, 'catkin_skip_building_tests': False, 'cmake_args': None, 'cmake_clean_cache': False, 'cmake_clean_first': False, 'cmake_force_configure': False, 'cmake_target': None, 'cmake_target_skip_unavailable': False, 'install_base': '/home/robu/work/ws_mayfen_robu/install/robu', 'merge_install': False, 'path': '/home/robu/work/ws_mayfen_robu/src/robu', 'symlink_install': False, 'test_result_base': None}
[1.664s] INFO:colcon.colcon_core.executor:Executing jobs using 'parallel' executor
[1.668s] DEBUG:colcon.colcon_parallel_executor.executor.parallel:run_until_complete
[1.669s] INFO:colcon.colcon_core.task.python.build:Building Python package in '/home/robu/work/ws_mayfen_robu/src/robu'
[1.688s] INFO:colcon.colcon_core.plugin_system:Skipping extension 'colcon_core.shell.bat': Not used on non-Windows systems
[1.688s] INFO:colcon.colcon_core.shell:Skip shell extension 'powershell' for command environment: Not usable outside of PowerShell
[1.688s] DEBUG:colcon.colcon_core.shell:Skip shell extension 'dsv' for command environment
[2.739s] DEBUG:colcon.colcon_core.event_handler.log_command:Invoking command in '/home/robu/work/ws_mayfen_robu/src/robu': PYTHONPATH=/home/robu/work/ws_mayfen_robu/build/robu/prefix_override:/home/robu/work/ws_mayfen_robu/install/robu/lib/python3.10/site-packages:${PYTHONPATH} /usr/bin/python3 setup.py egg_info --egg-base ../../build/robu build --build-base /home/robu/work/ws_mayfen_robu/build/robu/build install --record /home/robu/work/ws_mayfen_robu/build/robu/install.log --single-version-externally-managed
[3.181s] DEBUG:colcon.colcon_core.event_handler.log_command:Invoked command in '/home/robu/work/ws_mayfen_robu/src/robu' returned '0': PYTHONPATH=/home/robu/work/ws_mayfen_robu/build/robu/prefix_override:/home/robu/work/ws_mayfen_robu/install/robu/lib/python3.10/site-packages:${PYTHONPATH} /usr/bin/python3 setup.py egg_info --egg-base ../../build/robu build --build-base /home/robu/work/ws_mayfen_robu/build/robu/build install --record /home/robu/work/ws_mayfen_robu/build/robu/install.log --single-version-externally-managed
[3.206s] Level 1:colcon.colcon_core.environment:checking '/home/robu/work/ws_mayfen_robu/install/robu' for CMake module files
[3.208s] Level 1:colcon.colcon_core.environment:checking '/home/robu/work/ws_mayfen_robu/install/robu' for CMake config files
[3.209s] Level 1:colcon.colcon_core.environment:checking '/home/robu/work/ws_mayfen_robu/install/robu/lib'
[3.209s] Level 1:colcon.colcon_core.environment:checking '/home/robu/work/ws_mayfen_robu/install/robu/bin'
[3.209s] Level 1:colcon.colcon_core.environment:checking '/home/robu/work/ws_mayfen_robu/install/robu/lib/pkgconfig/robu.pc'
[3.209s] Level 1:colcon.colcon_core.environment:checking '/home/robu/work/ws_mayfen_robu/install/robu/lib/python3.10/site-packages'
[3.209s] Level 1:colcon.colcon_core.shell:create_environment_hook('robu', 'pythonpath')
[3.211s] INFO:colcon.colcon_core.shell:Creating environment hook '/home/robu/work/ws_mayfen_robu/install/robu/share/robu/hook/pythonpath.ps1'
[3.214s] INFO:colcon.colcon_core.shell:Creating environment descriptor '/home/robu/work/ws_mayfen_robu/install/robu/share/robu/hook/pythonpath.dsv'
[3.215s] INFO:colcon.colcon_core.shell:Creating environment hook '/home/robu/work/ws_mayfen_robu/install/robu/share/robu/hook/pythonpath.sh'
[3.217s] Level 1:colcon.colcon_core.environment:checking '/home/robu/work/ws_mayfen_robu/install/robu/bin'
[3.218s] Level 1:colcon.colcon_core.environment:create_environment_scripts_only(robu)
[3.219s] INFO:colcon.colcon_core.shell:Creating package script '/home/robu/work/ws_mayfen_robu/install/robu/share/robu/package.ps1'
[3.221s] INFO:colcon.colcon_core.shell:Creating package descriptor '/home/robu/work/ws_mayfen_robu/install/robu/share/robu/package.dsv'
[3.225s] INFO:colcon.colcon_core.shell:Creating package script '/home/robu/work/ws_mayfen_robu/install/robu/share/robu/package.sh'
[3.227s] INFO:colcon.colcon_core.shell:Creating package script '/home/robu/work/ws_mayfen_robu/install/robu/share/robu/package.bash'
[3.229s] INFO:colcon.colcon_core.shell:Creating package script '/home/robu/work/ws_mayfen_robu/install/robu/share/robu/package.zsh'
[3.231s] Level 1:colcon.colcon_core.environment:create_file_with_runtime_dependencies(/home/robu/work/ws_mayfen_robu/install/robu/share/colcon-core/packages/robu)
[3.232s] DEBUG:colcon.colcon_parallel_executor.executor.parallel:closing loop
[3.232s] DEBUG:colcon.colcon_parallel_executor.executor.parallel:loop closed
[3.232s] DEBUG:colcon.colcon_parallel_executor.executor.parallel:run_until_complete finished with '0'
[3.232s] DEBUG:colcon.colcon_core.event_reactor:joining thread
[3.247s] INFO:colcon.colcon_core.plugin_system:Skipping extension 'colcon_notification.desktop_notification.terminal_notifier': Not used on non-Darwin systems
[3.248s] INFO:colcon.colcon_core.plugin_system:Skipping extension 'colcon_notification.desktop_notification.win32': Not used on non-Windows systems
[3.248s] INFO:colcon.colcon_notification.desktop_notification:Sending desktop notification using 'notify2'
[3.275s] DEBUG:colcon.colcon_core.event_reactor:joined thread
[3.277s] INFO:colcon.colcon_core.shell:Creating prefix script '/home/robu/work/ws_mayfen_robu/install/local_setup.ps1'
[3.278s] INFO:colcon.colcon_core.shell:Creating prefix util module '/home/robu/work/ws_mayfen_robu/install/_local_setup_util_ps1.py'
[3.280s] INFO:colcon.colcon_core.shell:Creating prefix chain script '/home/robu/work/ws_mayfen_robu/install/setup.ps1'
[3.286s] INFO:colcon.colcon_core.shell:Creating prefix script '/home/robu/work/ws_mayfen_robu/install/local_setup.sh'
[3.287s] INFO:colcon.colcon_core.shell:Creating prefix util module '/home/robu/work/ws_mayfen_robu/install/_local_setup_util_sh.py'
[3.288s] INFO:colcon.colcon_core.shell:Creating prefix chain script '/home/robu/work/ws_mayfen_robu/install/setup.sh'
[3.294s] INFO:colcon.colcon_core.shell:Creating prefix script '/home/robu/work/ws_mayfen_robu/install/local_setup.bash'
[3.295s] INFO:colcon.colcon_core.shell:Creating prefix chain script '/home/robu/work/ws_mayfen_robu/install/setup.bash'
[3.299s] INFO:colcon.colcon_core.shell:Creating prefix script '/home/robu/work/ws_mayfen_robu/install/local_setup.zsh'
[3.299s] INFO:colcon.colcon_core.shell:Creating prefix chain script '/home/robu/work/ws_mayfen_robu/install/setup.zsh'
